Using launch settings from DataManager.Host.WA/Properties/launchSettings.json...
Building...
/app/DataManager.Application.Contracts/Modules/Translations/InternalGroupName1Filter.cs(7,23): warning CS8618: Non-nullable property 'Value' must contain a non-null value when exiting constructor. Consider adding the 'required' modifier or declaring the property as nullable. [/app/DataManager.Application.Contracts/DataManager.Application.Contracts.csproj]
/app/DataManager.Application.Contracts/Common/QueryFilterJsonConverter.cs(94,43): warning IL2026: Using member 'System.Text.Json.JsonSerializer.Deserialize(String, Type, JsonSerializerOptions)' which has 'RequiresUnreferencedCodeAttribute' can break functionality when trimming application code. JSON serialization and deserialization might require types that cannot be statically analyzed. Use the overload that takes a JsonTypeInfo or JsonSerializerContext, or make sure all of the required types are preserved. [/app/DataManager.Application.Contracts/DataManager.Application.Contracts.csproj]
/app/DataManager.Application.Contracts/Common/QueryFilterJsonConverter.cs(105,9): warning IL2026: Using member 'System.Text.Json.JsonSerializer.Serialize(Utf8JsonWriter, Object, Type, JsonSerializerOptions)' which has 'RequiresUnreferencedCodeAttribute' can break functionality when trimming application code. JSON serialization and deserialization might require types that cannot be statically analyzed. Use the overload that takes a JsonTypeInfo or JsonSerializerContext, or make sure all of the required types are preserved. [/app/DataManager.Application.Contracts/DataManager.Application.Contracts.csproj]
/app/DataManager.Application.Contracts/Common/QueryFilterJsonConverter.cs(14,27): warning IL2026: Using member 'System.Reflection.Assembly.GetTypes()' which has 'RequiresUnreferencedCodeAttribute' can break functionality when trimming application code. Types might be removed. [/app/DataManager.Application.Contracts/DataManager.Application.Contracts.csproj]
/app/DataManager.Application.Contracts/Common/QueryFilterJsonConverter.cs(21,28): warning IL2072: 'type' argument does not satisfy 'DynamicallyAccessedMemberTypes.PublicParameterlessConstructor' in call to 'System.Activator.CreateInstance(Type)'. The return value of method 'System.Collections.Generic.List<T>.Enumerator.Current.get' does not have matching annotations. The source value must declare at least the same requirements as those declared on the target location it is assigned to. [/app/DataManager.Application.Contracts/DataManager.Application.Contracts.csproj]
/app/DataManager.Host.WA/Pages/PanelTest.razor(9,5): warning RZ10012: Found markup element with unexpected name 'Header'. If this is intended to be a component, add a @using directive for its namespace. [/app/DataManager.Host.WA/DataManager.Host.WA.csproj]
/app/DataManager.Host.WA/Pages/PanelTest.razor(12,5): warning RZ10012: Found markup element with unexpected name 'Body'. If this is intended to be a component, add a @using directive for its namespace. [/app/DataManager.Host.WA/DataManager.Host.WA.csproj]
/app/DataManager.Host.WA/Pages/PanelTest.razor(15,5): warning RZ10012: Found markup element with unexpected name 'Footer'. If this is intended to be a component, add a @using directive for its namespace. [/app/DataManager.Host.WA/DataManager.Host.WA.csproj]
/app/DataManager.Host.WA/Components/ColumnSettings.cs(5,19): warning CS8618: Non-nullable property 'Title' must contain a non-null value when exiting constructor. Consider adding the 'required' modifier or declaring the property as nullable. [/app/DataManager.Host.WA/DataManager.Host.WA.csproj]
/app/DataManager.Host.WA/Components/ColumnSettings.cs(6,19): warning CS8618: Non-nullable property 'UniqueID' must contain a non-null value when exiting constructor. Consider adding the 'required' modifier or declaring the property as nullable. [/app/DataManager.Host.WA/DataManager.Host.WA.csproj]
/app/DataManager.Host.WA/Components/PaginatedDataGrid.Settings.cs(113,33): warning CS8602: Dereference of a possibly null reference. [/app/DataManager.Host.WA/DataManager.Host.WA.csproj]
/app/DataManager.Host.WA/Components/PaginatedDataGrid.Settings.cs(124,37): warning CS8602: Dereference of a possibly null reference. [/app/DataManager.Host.WA/DataManager.Host.WA.csproj]
/app/DataManager.Host.WA/Components/PaginatedDataGrid.razor.cs(11,35): warning CS8618: Non-nullable field '_dataGrid' must contain a non-null value when exiting constructor. Consider adding the 'required' modifier or declaring the field as nullable. [/app/DataManager.Host.WA/DataManager.Host.WA.csproj]
/app/DataManager.Host.WA/Pages/DataGridSettingsTestPage.razor.cs(9,19): warning CS8618: Non-nullable property 'Name' must contain a non-null value when exiting constructor. Consider adding the 'required' modifier or declaring the property as nullable. [/app/DataManager.Host.WA/DataManager.Host.WA.csproj]
/app/DataManager.Host.WA/Pages/DataGridSettingsTestPage.razor.cs(10,19): warning CS8618: Non-nullable property 'Description' must contain a non-null value when exiting constructor. Consider adding the 'required' modifier or declaring the property as nullable. [/app/DataManager.Host.WA/DataManager.Host.WA.csproj]
/app/DataManager.Host.WA/Pages/DataGridSettingsTestPage.razor.cs(49,29): warning CS8629: Nullable value type may be null. [/app/DataManager.Host.WA/DataManager.Host.WA.csproj]
/app/DataManager.Host.WA/Pages/DataGridSettingsTestPage.razor.cs(49,51): warning CS8629: Nullable value type may be null. [/app/DataManager.Host.WA/DataManager.Host.WA.csproj]
/app/DataManager.Host.WA/Pages/Monaco.razor(17,34): warning CS8618: Non-nullable property 'EditorRef' must contain a non-null value when exiting constructor. Consider adding the 'required' modifier or declaring the property as nullable. [/app/DataManager.Host.WA/DataManager.Host.WA.csproj]
/app/DataManager.Host.WA/App.razor(33,18): warning CS0414: The field 'App.isRedirecting' is assigned but its value is never used [/app/DataManager.Host.WA/DataManager.Host.WA.csproj]
info: Microsoft.Hosting.Lifetime[14]
      Now listening on: http://localhost:5070
info: Microsoft.Hosting.Lifetime[0]
      Application started. Press Ctrl+C to shut down.
info: Microsoft.Hosting.Lifetime[0]
      Hosting environment: Development
info: Microsoft.Hosting.Lifetime[0]
      Content root path: /app/DataManager.Host.WA
